<?xml version="1.0" encoding="UTF-8"?>
<testsuite name="com.fsryan.examples.suggestion.CharHelperTest$SwapCase" tests="256" skipped="0" failures="0" errors="0" timestamp="2016-06-11T05:29:54" hostname="rydora" time="0.036">
  <properties/>
  <testcase name="shouldCorrectlyIdentifyLetter[0]" classname="com.fsryan.examples.suggestion.CharHelperTest$SwapCase" time="0.001"/>
  <testcase name="shouldSwapCaseUpper[0]" classname="com.fsryan.examples.suggestion.CharHelperTest$SwapCase" time="0.0"/>
  <testcase name="shouldCorrectlyIdentifyLetter[1]" classname="com.fsryan.examples.suggestion.CharHelperTest$SwapCase" time="0.0"/>
  <testcase name="shouldSwapCaseUpper[1]" classname="com.fsryan.examples.suggestion.CharHelperTest$SwapCase" time="0.0"/>
  <testcase name="shouldCorrectlyIdentifyLetter[2]" classname="com.fsryan.examples.suggestion.CharHelperTest$SwapCase" time="0.0"/>
  <testcase name="shouldSwapCaseUpper[2]" classname="com.fsryan.examples.suggestion.CharHelperTest$SwapCase" time="0.0"/>
  <testcase name="shouldCorrectlyIdentifyLetter[3]" classname="com.fsryan.examples.suggestion.CharHelperTest$SwapCase" time="0.0"/>
  <testcase name="shouldSwapCaseUpper[3]" classname="com.fsryan.examples.suggestion.CharHelperTest$SwapCase" time="0.0"/>
  <testcase name="shouldCorrectlyIdentifyLetter[4]" classname="com.fsryan.examples.suggestion.CharHelperTest$SwapCase" time="0.0"/>
  <testcase name="shouldSwapCaseUpper[4]" classname="com.fsryan.examples.suggestion.CharHelperTest$SwapCase" time="0.0"/>
  <testcase name="shouldCorrectlyIdentifyLetter[5]" classname="com.fsryan.examples.suggestion.CharHelperTest$SwapCase" time="0.0"/>
  <testcase name="shouldSwapCaseUpper[5]" classname="com.fsryan.examples.suggestion.CharHelperTest$SwapCase" time="0.0"/>
  <testcase name="shouldCorrectlyIdentifyLetter[6]" classname="com.fsryan.examples.suggestion.CharHelperTest$SwapCase" time="0.0"/>
  <testcase name="shouldSwapCaseUpper[6]" classname="com.fsryan.examples.suggestion.CharHelperTest$SwapCase" time="0.0"/>
  <testcase name="shouldCorrectlyIdentifyLetter[7]" classname="com.fsryan.examples.suggestion.CharHelperTest$SwapCase" time="0.0"/>
  <testcase name="shouldSwapCaseUpper[7]" classname="com.fsryan.examples.suggestion.CharHelperTest$SwapCase" time="0.0"/>
  <testcase name="shouldCorrectlyIdentifyLetter[8]" classname="com.fsryan.examples.suggestion.CharHelperTest$SwapCase" time="0.0"/>
  <testcase name="shouldSwapCaseUpper[8]" classname="com.fsryan.examples.suggestion.CharHelperTest$SwapCase" time="0.0"/>
  <testcase name="shouldCorrectlyIdentifyLetter[9]" classname="com.fsryan.examples.suggestion.CharHelperTest$SwapCase" time="0.0"/>
  <testcase name="shouldSwapCaseUpper[9]" classname="com.fsryan.examples.suggestion.CharHelperTest$SwapCase" time="0.0"/>
  <testcase name="shouldCorrectlyIdentifyLetter[10]" classname="com.fsryan.examples.suggestion.CharHelperTest$SwapCase" time="0.0"/>
  <testcase name="shouldSwapCaseUpper[10]" classname="com.fsryan.examples.suggestion.CharHelperTest$SwapCase" time="0.0"/>
  <testcase name="shouldCorrectlyIdentifyLetter[11]" classname="com.fsryan.examples.suggestion.CharHelperTest$SwapCase" time="0.0"/>
  <testcase name="shouldSwapCaseUpper[11]" classname="com.fsryan.examples.suggestion.CharHelperTest$SwapCase" time="0.0"/>
  <testcase name="shouldCorrectlyIdentifyLetter[12]" classname="com.fsryan.examples.suggestion.CharHelperTest$SwapCase" time="0.0"/>
  <testcase name="shouldSwapCaseUpper[12]" classname="com.fsryan.examples.suggestion.CharHelperTest$SwapCase" time="0.0"/>
  <testcase name="shouldCorrectlyIdentifyLetter[13]" classname="com.fsryan.examples.suggestion.CharHelperTest$SwapCase" time="0.0"/>
  <testcase name="shouldSwapCaseUpper[13]" classname="com.fsryan.examples.suggestion.CharHelperTest$SwapCase" time="0.0"/>
  <testcase name="shouldCorrectlyIdentifyLetter[14]" classname="com.fsryan.examples.suggestion.CharHelperTest$SwapCase" time="0.0"/>
  <testcase name="shouldSwapCaseUpper[14]" classname="com.fsryan.examples.suggestion.CharHelperTest$SwapCase" time="0.0"/>
  <testcase name="shouldCorrectlyIdentifyLetter[15]" classname="com.fsryan.examples.suggestion.CharHelperTest$SwapCase" time="0.001"/>
  <testcase name="shouldSwapCaseUpper[15]" classname="com.fsryan.examples.suggestion.CharHelperTest$SwapCase" time="0.0"/>
  <testcase name="shouldCorrectlyIdentifyLetter[16]" classname="com.fsryan.examples.suggestion.CharHelperTest$SwapCase" time="0.0"/>
  <testcase name="shouldSwapCaseUpper[16]" classname="com.fsryan.examples.suggestion.CharHelperTest$SwapCase" time="0.0"/>
  <testcase name="shouldCorrectlyIdentifyLetter[17]" classname="com.fsryan.examples.suggestion.CharHelperTest$SwapCase" time="0.0"/>
  <testcase name="shouldSwapCaseUpper[17]" classname="com.fsryan.examples.suggestion.CharHelperTest$SwapCase" time="0.0"/>
  <testcase name="shouldCorrectlyIdentifyLetter[18]" classname="com.fsryan.examples.suggestion.CharHelperTest$SwapCase" time="0.0"/>
  <testcase name="shouldSwapCaseUpper[18]" classname="com.fsryan.examples.suggestion.CharHelperTest$SwapCase" time="0.0"/>
  <testcase name="shouldCorrectlyIdentifyLetter[19]" classname="com.fsryan.examples.suggestion.CharHelperTest$SwapCase" time="0.0"/>
  <testcase name="shouldSwapCaseUpper[19]" classname="com.fsryan.examples.suggestion.CharHelperTest$SwapCase" time="0.0"/>
  <testcase name="shouldCorrectlyIdentifyLetter[20]" classname="com.fsryan.examples.suggestion.CharHelperTest$SwapCase" time="0.0"/>
  <testcase name="shouldSwapCaseUpper[20]" classname="com.fsryan.examples.suggestion.CharHelperTest$SwapCase" time="0.0"/>
  <testcase name="shouldCorrectlyIdentifyLetter[21]" classname="com.fsryan.examples.suggestion.CharHelperTest$SwapCase" time="0.0"/>
  <testcase name="shouldSwapCaseUpper[21]" classname="com.fsryan.examples.suggestion.CharHelperTest$SwapCase" time="0.0"/>
  <testcase name="shouldCorrectlyIdentifyLetter[22]" classname="com.fsryan.examples.suggestion.CharHelperTest$SwapCase" time="0.0"/>
  <testcase name="shouldSwapCaseUpper[22]" classname="com.fsryan.examples.suggestion.CharHelperTest$SwapCase" time="0.0"/>
  <testcase name="shouldCorrectlyIdentifyLetter[23]" classname="com.fsryan.examples.suggestion.CharHelperTest$SwapCase" time="0.0"/>
  <testcase name="shouldSwapCaseUpper[23]" classname="com.fsryan.examples.suggestion.CharHelperTest$SwapCase" time="0.0"/>
  <testcase name="shouldCorrectlyIdentifyLetter[24]" classname="com.fsryan.examples.suggestion.CharHelperTest$SwapCase" time="0.0"/>
  <testcase name="shouldSwapCaseUpper[24]" classname="com.fsryan.examples.suggestion.CharHelperTest$SwapCase" time="0.0"/>
  <testcase name="shouldCorrectlyIdentifyLetter[25]" classname="com.fsryan.examples.suggestion.CharHelperTest$SwapCase" time="0.0"/>
  <testcase name="shouldSwapCaseUpper[25]" classname="com.fsryan.examples.suggestion.CharHelperTest$SwapCase" time="0.0"/>
  <testcase name="shouldCorrectlyIdentifyLetter[26]" classname="com.fsryan.examples.suggestion.CharHelperTest$SwapCase" time="0.0"/>
  <testcase name="shouldSwapCaseUpper[26]" classname="com.fsryan.examples.suggestion.CharHelperTest$SwapCase" time="0.0"/>
  <testcase name="shouldCorrectlyIdentifyLetter[27]" classname="com.fsryan.examples.suggestion.CharHelperTest$SwapCase" time="0.0"/>
  <testcase name="shouldSwapCaseUpper[27]" classname="com.fsryan.examples.suggestion.CharHelperTest$SwapCase" time="0.0"/>
  <testcase name="shouldCorrectlyIdentifyLetter[28]" classname="com.fsryan.examples.suggestion.CharHelperTest$SwapCase" time="0.0"/>
  <testcase name="shouldSwapCaseUpper[28]" classname="com.fsryan.examples.suggestion.CharHelperTest$SwapCase" time="0.0"/>
  <testcase name="shouldCorrectlyIdentifyLetter[29]" classname="com.fsryan.examples.suggestion.CharHelperTest$SwapCase" time="0.0"/>
  <testcase name="shouldSwapCaseUpper[29]" classname="com.fsryan.examples.suggestion.CharHelperTest$SwapCase" time="0.0"/>
  <testcase name="shouldCorrectlyIdentifyLetter[30]" classname="com.fsryan.examples.suggestion.CharHelperTest$SwapCase" time="0.0"/>
  <testcase name="shouldSwapCaseUpper[30]" classname="com.fsryan.examples.suggestion.CharHelperTest$SwapCase" time="0.0"/>
  <testcase name="shouldCorrectlyIdentifyLetter[31]" classname="com.fsryan.examples.suggestion.CharHelperTest$SwapCase" time="0.0"/>
  <testcase name="shouldSwapCaseUpper[31]" classname="com.fsryan.examples.suggestion.CharHelperTest$SwapCase" time="0.0"/>
  <testcase name="shouldCorrectlyIdentifyLetter[32]" classname="com.fsryan.examples.suggestion.CharHelperTest$SwapCase" time="0.0"/>
  <testcase name="shouldSwapCaseUpper[32]" classname="com.fsryan.examples.suggestion.CharHelperTest$SwapCase" time="0.0"/>
  <testcase name="shouldCorrectlyIdentifyLetter[33]" classname="com.fsryan.examples.suggestion.CharHelperTest$SwapCase" time="0.0"/>
  <testcase name="shouldSwapCaseUpper[33]" classname="com.fsryan.examples.suggestion.CharHelperTest$SwapCase" time="0.0"/>
  <testcase name="shouldCorrectlyIdentifyLetter[34]" classname="com.fsryan.examples.suggestion.CharHelperTest$SwapCase" time="0.0"/>
  <testcase name="shouldSwapCaseUpper[34]" classname="com.fsryan.examples.suggestion.CharHelperTest$SwapCase" time="0.0"/>
  <testcase name="shouldCorrectlyIdentifyLetter[35]" classname="com.fsryan.examples.suggestion.CharHelperTest$SwapCase" time="0.0"/>
  <testcase name="shouldSwapCaseUpper[35]" classname="com.fsryan.examples.suggestion.CharHelperTest$SwapCase" time="0.0"/>
  <testcase name="shouldCorrectlyIdentifyLetter[36]" classname="com.fsryan.examples.suggestion.CharHelperTest$SwapCase" time="0.0"/>
  <testcase name="shouldSwapCaseUpper[36]" classname="com.fsryan.examples.suggestion.CharHelperTest$SwapCase" time="0.0"/>
  <testcase name="shouldCorrectlyIdentifyLetter[37]" classname="com.fsryan.examples.suggestion.CharHelperTest$SwapCase" time="0.0"/>
  <testcase name="shouldSwapCaseUpper[37]" classname="com.fsryan.examples.suggestion.CharHelperTest$SwapCase" time="0.0"/>
  <testcase name="shouldCorrectlyIdentifyLetter[38]" classname="com.fsryan.examples.suggestion.CharHelperTest$SwapCase" time="0.0"/>
  <testcase name="shouldSwapCaseUpper[38]" classname="com.fsryan.examples.suggestion.CharHelperTest$SwapCase" time="0.0"/>
  <testcase name="shouldCorrectlyIdentifyLetter[39]" classname="com.fsryan.examples.suggestion.CharHelperTest$SwapCase" time="0.0"/>
  <testcase name="shouldSwapCaseUpper[39]" classname="com.fsryan.examples.suggestion.CharHelperTest$SwapCase" time="0.0"/>
  <testcase name="shouldCorrectlyIdentifyLetter[40]" classname="com.fsryan.examples.suggestion.CharHelperTest$SwapCase" time="0.0"/>
  <testcase name="shouldSwapCaseUpper[40]" classname="com.fsryan.examples.suggestion.CharHelperTest$SwapCase" time="0.0"/>
  <testcase name="shouldCorrectlyIdentifyLetter[41]" classname="com.fsryan.examples.suggestion.CharHelperTest$SwapCase" time="0.0"/>
  <testcase name="shouldSwapCaseUpper[41]" classname="com.fsryan.examples.suggestion.CharHelperTest$SwapCase" time="0.0"/>
  <testcase name="shouldCorrectlyIdentifyLetter[42]" classname="com.fsryan.examples.suggestion.CharHelperTest$SwapCase" time="0.001"/>
  <testcase name="shouldSwapCaseUpper[42]" classname="com.fsryan.examples.suggestion.CharHelperTest$SwapCase" time="0.0"/>
  <testcase name="shouldCorrectlyIdentifyLetter[43]" classname="com.fsryan.examples.suggestion.CharHelperTest$SwapCase" time="0.0"/>
  <testcase name="shouldSwapCaseUpper[43]" classname="com.fsryan.examples.suggestion.CharHelperTest$SwapCase" time="0.0"/>
  <testcase name="shouldCorrectlyIdentifyLetter[44]" classname="com.fsryan.examples.suggestion.CharHelperTest$SwapCase" time="0.0"/>
  <testcase name="shouldSwapCaseUpper[44]" classname="com.fsryan.examples.suggestion.CharHelperTest$SwapCase" time="0.0"/>
  <testcase name="shouldCorrectlyIdentifyLetter[45]" classname="com.fsryan.examples.suggestion.CharHelperTest$SwapCase" time="0.0"/>
  <testcase name="shouldSwapCaseUpper[45]" classname="com.fsryan.examples.suggestion.CharHelperTest$SwapCase" time="0.0"/>
  <testcase name="shouldCorrectlyIdentifyLetter[46]" classname="com.fsryan.examples.suggestion.CharHelperTest$SwapCase" time="0.0"/>
  <testcase name="shouldSwapCaseUpper[46]" classname="com.fsryan.examples.suggestion.CharHelperTest$SwapCase" time="0.0"/>
  <testcase name="shouldCorrectlyIdentifyLetter[47]" classname="com.fsryan.examples.suggestion.CharHelperTest$SwapCase" time="0.0"/>
  <testcase name="shouldSwapCaseUpper[47]" classname="com.fsryan.examples.suggestion.CharHelperTest$SwapCase" time="0.0"/>
  <testcase name="shouldCorrectlyIdentifyLetter[48]" classname="com.fsryan.examples.suggestion.CharHelperTest$SwapCase" time="0.0"/>
  <testcase name="shouldSwapCaseUpper[48]" classname="com.fsryan.examples.suggestion.CharHelperTest$SwapCase" time="0.0"/>
  <testcase name="shouldCorrectlyIdentifyLetter[49]" classname="com.fsryan.examples.suggestion.CharHelperTest$SwapCase" time="0.0"/>
  <testcase name="shouldSwapCaseUpper[49]" classname="com.fsryan.examples.suggestion.CharHelperTest$SwapCase" time="0.0"/>
  <testcase name="shouldCorrectlyIdentifyLetter[50]" classname="com.fsryan.examples.suggestion.CharHelperTest$SwapCase" time="0.0"/>
  <testcase name="shouldSwapCaseUpper[50]" classname="com.fsryan.examples.suggestion.CharHelperTest$SwapCase" time="0.0"/>
  <testcase name="shouldCorrectlyIdentifyLetter[51]" classname="com.fsryan.examples.suggestion.CharHelperTest$SwapCase" time="0.0"/>
  <testcase name="shouldSwapCaseUpper[51]" classname="com.fsryan.examples.suggestion.CharHelperTest$SwapCase" time="0.0"/>
  <testcase name="shouldCorrectlyIdentifyLetter[52]" classname="com.fsryan.examples.suggestion.CharHelperTest$SwapCase" time="0.0"/>
  <testcase name="shouldSwapCaseUpper[52]" classname="com.fsryan.examples.suggestion.CharHelperTest$SwapCase" time="0.0"/>
  <testcase name="shouldCorrectlyIdentifyLetter[53]" classname="com.fsryan.examples.suggestion.CharHelperTest$SwapCase" time="0.0"/>
  <testcase name="shouldSwapCaseUpper[53]" classname="com.fsryan.examples.suggestion.CharHelperTest$SwapCase" time="0.0"/>
  <testcase name="shouldCorrectlyIdentifyLetter[54]" classname="com.fsryan.examples.suggestion.CharHelperTest$SwapCase" time="0.0"/>
  <testcase name="shouldSwapCaseUpper[54]" classname="com.fsryan.examples.suggestion.CharHelperTest$SwapCase" time="0.0"/>
  <testcase name="shouldCorrectlyIdentifyLetter[55]" classname="com.fsryan.examples.suggestion.CharHelperTest$SwapCase" time="0.0"/>
  <testcase name="shouldSwapCaseUpper[55]" classname="com.fsryan.examples.suggestion.CharHelperTest$SwapCase" time="0.0"/>
  <testcase name="shouldCorrectlyIdentifyLetter[56]" classname="com.fsryan.examples.suggestion.CharHelperTest$SwapCase" time="0.0"/>
  <testcase name="shouldSwapCaseUpper[56]" classname="com.fsryan.examples.suggestion.CharHelperTest$SwapCase" time="0.0"/>
  <testcase name="shouldCorrectlyIdentifyLetter[57]" classname="com.fsryan.examples.suggestion.CharHelperTest$SwapCase" time="0.0"/>
  <testcase name="shouldSwapCaseUpper[57]" classname="com.fsryan.examples.suggestion.CharHelperTest$SwapCase" time="0.0"/>
  <testcase name="shouldCorrectlyIdentifyLetter[58]" classname="com.fsryan.examples.suggestion.CharHelperTest$SwapCase" time="0.0"/>
  <testcase name="shouldSwapCaseUpper[58]" classname="com.fsryan.examples.suggestion.CharHelperTest$SwapCase" time="0.0"/>
  <testcase name="shouldCorrectlyIdentifyLetter[59]" classname="com.fsryan.examples.suggestion.CharHelperTest$SwapCase" time="0.0"/>
  <testcase name="shouldSwapCaseUpper[59]" classname="com.fsryan.examples.suggestion.CharHelperTest$SwapCase" time="0.0"/>
  <testcase name="shouldCorrectlyIdentifyLetter[60]" classname="com.fsryan.examples.suggestion.CharHelperTest$SwapCase" time="0.0"/>
  <testcase name="shouldSwapCaseUpper[60]" classname="com.fsryan.examples.suggestion.CharHelperTest$SwapCase" time="0.0"/>
  <testcase name="shouldCorrectlyIdentifyLetter[61]" classname="com.fsryan.examples.suggestion.CharHelperTest$SwapCase" time="0.0"/>
  <testcase name="shouldSwapCaseUpper[61]" classname="com.fsryan.examples.suggestion.CharHelperTest$SwapCase" time="0.0"/>
  <testcase name="shouldCorrectlyIdentifyLetter[62]" classname="com.fsryan.examples.suggestion.CharHelperTest$SwapCase" time="0.0"/>
  <testcase name="shouldSwapCaseUpper[62]" classname="com.fsryan.examples.suggestion.CharHelperTest$SwapCase" time="0.0"/>
  <testcase name="shouldCorrectlyIdentifyLetter[63]" classname="com.fsryan.examples.suggestion.CharHelperTest$SwapCase" time="0.0"/>
  <testcase name="shouldSwapCaseUpper[63]" classname="com.fsryan.examples.suggestion.CharHelperTest$SwapCase" time="0.0"/>
  <testcase name="shouldCorrectlyIdentifyLetter[64]" classname="com.fsryan.examples.suggestion.CharHelperTest$SwapCase" time="0.0"/>
  <testcase name="shouldSwapCaseUpper[64]" classname="com.fsryan.examples.suggestion.CharHelperTest$SwapCase" time="0.0"/>
  <testcase name="shouldCorrectlyIdentifyLetter[65]" classname="com.fsryan.examples.suggestion.CharHelperTest$SwapCase" time="0.0"/>
  <testcase name="shouldSwapCaseUpper[65]" classname="com.fsryan.examples.suggestion.CharHelperTest$SwapCase" time="0.0"/>
  <testcase name="shouldCorrectlyIdentifyLetter[66]" classname="com.fsryan.examples.suggestion.CharHelperTest$SwapCase" time="0.0"/>
  <testcase name="shouldSwapCaseUpper[66]" classname="com.fsryan.examples.suggestion.CharHelperTest$SwapCase" time="0.0"/>
  <testcase name="shouldCorrectlyIdentifyLetter[67]" classname="com.fsryan.examples.suggestion.CharHelperTest$SwapCase" time="0.0"/>
  <testcase name="shouldSwapCaseUpper[67]" classname="com.fsryan.examples.suggestion.CharHelperTest$SwapCase" time="0.0"/>
  <testcase name="shouldCorrectlyIdentifyLetter[68]" classname="com.fsryan.examples.suggestion.CharHelperTest$SwapCase" time="0.0"/>
  <testcase name="shouldSwapCaseUpper[68]" classname="com.fsryan.examples.suggestion.CharHelperTest$SwapCase" time="0.0"/>
  <testcase name="shouldCorrectlyIdentifyLetter[69]" classname="com.fsryan.examples.suggestion.CharHelperTest$SwapCase" time="0.0"/>
  <testcase name="shouldSwapCaseUpper[69]" classname="com.fsryan.examples.suggestion.CharHelperTest$SwapCase" time="0.0"/>
  <testcase name="shouldCorrectlyIdentifyLetter[70]" classname="com.fsryan.examples.suggestion.CharHelperTest$SwapCase" time="0.0"/>
  <testcase name="shouldSwapCaseUpper[70]" classname="com.fsryan.examples.suggestion.CharHelperTest$SwapCase" time="0.0"/>
  <testcase name="shouldCorrectlyIdentifyLetter[71]" classname="com.fsryan.examples.suggestion.CharHelperTest$SwapCase" time="0.0"/>
  <testcase name="shouldSwapCaseUpper[71]" classname="com.fsryan.examples.suggestion.CharHelperTest$SwapCase" time="0.0"/>
  <testcase name="shouldCorrectlyIdentifyLetter[72]" classname="com.fsryan.examples.suggestion.CharHelperTest$SwapCase" time="0.0"/>
  <testcase name="shouldSwapCaseUpper[72]" classname="com.fsryan.examples.suggestion.CharHelperTest$SwapCase" time="0.0"/>
  <testcase name="shouldCorrectlyIdentifyLetter[73]" classname="com.fsryan.examples.suggestion.CharHelperTest$SwapCase" time="0.0"/>
  <testcase name="shouldSwapCaseUpper[73]" classname="com.fsryan.examples.suggestion.CharHelperTest$SwapCase" time="0.0"/>
  <testcase name="shouldCorrectlyIdentifyLetter[74]" classname="com.fsryan.examples.suggestion.CharHelperTest$SwapCase" time="0.0"/>
  <testcase name="shouldSwapCaseUpper[74]" classname="com.fsryan.examples.suggestion.CharHelperTest$SwapCase" time="0.0"/>
  <testcase name="shouldCorrectlyIdentifyLetter[75]" classname="com.fsryan.examples.suggestion.CharHelperTest$SwapCase" time="0.001"/>
  <testcase name="shouldSwapCaseUpper[75]" classname="com.fsryan.examples.suggestion.CharHelperTest$SwapCase" time="0.0"/>
  <testcase name="shouldCorrectlyIdentifyLetter[76]" classname="com.fsryan.examples.suggestion.CharHelperTest$SwapCase" time="0.0"/>
  <testcase name="shouldSwapCaseUpper[76]" classname="com.fsryan.examples.suggestion.CharHelperTest$SwapCase" time="0.0"/>
  <testcase name="shouldCorrectlyIdentifyLetter[77]" classname="com.fsryan.examples.suggestion.CharHelperTest$SwapCase" time="0.0"/>
  <testcase name="shouldSwapCaseUpper[77]" classname="com.fsryan.examples.suggestion.CharHelperTest$SwapCase" time="0.0"/>
  <testcase name="shouldCorrectlyIdentifyLetter[78]" classname="com.fsryan.examples.suggestion.CharHelperTest$SwapCase" time="0.0"/>
  <testcase name="shouldSwapCaseUpper[78]" classname="com.fsryan.examples.suggestion.CharHelperTest$SwapCase" time="0.0"/>
  <testcase name="shouldCorrectlyIdentifyLetter[79]" classname="com.fsryan.examples.suggestion.CharHelperTest$SwapCase" time="0.0"/>
  <testcase name="shouldSwapCaseUpper[79]" classname="com.fsryan.examples.suggestion.CharHelperTest$SwapCase" time="0.0"/>
  <testcase name="shouldCorrectlyIdentifyLetter[80]" classname="com.fsryan.examples.suggestion.CharHelperTest$SwapCase" time="0.0"/>
  <testcase name="shouldSwapCaseUpper[80]" classname="com.fsryan.examples.suggestion.CharHelperTest$SwapCase" time="0.0"/>
  <testcase name="shouldCorrectlyIdentifyLetter[81]" classname="com.fsryan.examples.suggestion.CharHelperTest$SwapCase" time="0.0"/>
  <testcase name="shouldSwapCaseUpper[81]" classname="com.fsryan.examples.suggestion.CharHelperTest$SwapCase" time="0.0"/>
  <testcase name="shouldCorrectlyIdentifyLetter[82]" classname="com.fsryan.examples.suggestion.CharHelperTest$SwapCase" time="0.0"/>
  <testcase name="shouldSwapCaseUpper[82]" classname="com.fsryan.examples.suggestion.CharHelperTest$SwapCase" time="0.0"/>
  <testcase name="shouldCorrectlyIdentifyLetter[83]" classname="com.fsryan.examples.suggestion.CharHelperTest$SwapCase" time="0.0"/>
  <testcase name="shouldSwapCaseUpper[83]" classname="com.fsryan.examples.suggestion.CharHelperTest$SwapCase" time="0.0"/>
  <testcase name="shouldCorrectlyIdentifyLetter[84]" classname="com.fsryan.examples.suggestion.CharHelperTest$SwapCase" time="0.0"/>
  <testcase name="shouldSwapCaseUpper[84]" classname="com.fsryan.examples.suggestion.CharHelperTest$SwapCase" time="0.0"/>
  <testcase name="shouldCorrectlyIdentifyLetter[85]" classname="com.fsryan.examples.suggestion.CharHelperTest$SwapCase" time="0.0"/>
  <testcase name="shouldSwapCaseUpper[85]" classname="com.fsryan.examples.suggestion.CharHelperTest$SwapCase" time="0.0"/>
  <testcase name="shouldCorrectlyIdentifyLetter[86]" classname="com.fsryan.examples.suggestion.CharHelperTest$SwapCase" time="0.0"/>
  <testcase name="shouldSwapCaseUpper[86]" classname="com.fsryan.examples.suggestion.CharHelperTest$SwapCase" time="0.0"/>
  <testcase name="shouldCorrectlyIdentifyLetter[87]" classname="com.fsryan.examples.suggestion.CharHelperTest$SwapCase" time="0.0"/>
  <testcase name="shouldSwapCaseUpper[87]" classname="com.fsryan.examples.suggestion.CharHelperTest$SwapCase" time="0.0"/>
  <testcase name="shouldCorrectlyIdentifyLetter[88]" classname="com.fsryan.examples.suggestion.CharHelperTest$SwapCase" time="0.0"/>
  <testcase name="shouldSwapCaseUpper[88]" classname="com.fsryan.examples.suggestion.CharHelperTest$SwapCase" time="0.0"/>
  <testcase name="shouldCorrectlyIdentifyLetter[89]" classname="com.fsryan.examples.suggestion.CharHelperTest$SwapCase" time="0.0"/>
  <testcase name="shouldSwapCaseUpper[89]" classname="com.fsryan.examples.suggestion.CharHelperTest$SwapCase" time="0.0"/>
  <testcase name="shouldCorrectlyIdentifyLetter[90]" classname="com.fsryan.examples.suggestion.CharHelperTest$SwapCase" time="0.0"/>
  <testcase name="shouldSwapCaseUpper[90]" classname="com.fsryan.examples.suggestion.CharHelperTest$SwapCase" time="0.0"/>
  <testcase name="shouldCorrectlyIdentifyLetter[91]" classname="com.fsryan.examples.suggestion.CharHelperTest$SwapCase" time="0.0"/>
  <testcase name="shouldSwapCaseUpper[91]" classname="com.fsryan.examples.suggestion.CharHelperTest$SwapCase" time="0.0"/>
  <testcase name="shouldCorrectlyIdentifyLetter[92]" classname="com.fsryan.examples.suggestion.CharHelperTest$SwapCase" time="0.0"/>
  <testcase name="shouldSwapCaseUpper[92]" classname="com.fsryan.examples.suggestion.CharHelperTest$SwapCase" time="0.0"/>
  <testcase name="shouldCorrectlyIdentifyLetter[93]" classname="com.fsryan.examples.suggestion.CharHelperTest$SwapCase" time="0.0"/>
  <testcase name="shouldSwapCaseUpper[93]" classname="com.fsryan.examples.suggestion.CharHelperTest$SwapCase" time="0.0"/>
  <testcase name="shouldCorrectlyIdentifyLetter[94]" classname="com.fsryan.examples.suggestion.CharHelperTest$SwapCase" time="0.0"/>
  <testcase name="shouldSwapCaseUpper[94]" classname="com.fsryan.examples.suggestion.CharHelperTest$SwapCase" time="0.0"/>
  <testcase name="shouldCorrectlyIdentifyLetter[95]" classname="com.fsryan.examples.suggestion.CharHelperTest$SwapCase" time="0.0"/>
  <testcase name="shouldSwapCaseUpper[95]" classname="com.fsryan.examples.suggestion.CharHelperTest$SwapCase" time="0.0"/>
  <testcase name="shouldCorrectlyIdentifyLetter[96]" classname="com.fsryan.examples.suggestion.CharHelperTest$SwapCase" time="0.0"/>
  <testcase name="shouldSwapCaseUpper[96]" classname="com.fsryan.examples.suggestion.CharHelperTest$SwapCase" time="0.0"/>
  <testcase name="shouldCorrectlyIdentifyLetter[97]" classname="com.fsryan.examples.suggestion.CharHelperTest$SwapCase" time="0.0"/>
  <testcase name="shouldSwapCaseUpper[97]" classname="com.fsryan.examples.suggestion.CharHelperTest$SwapCase" time="0.0"/>
  <testcase name="shouldCorrectlyIdentifyLetter[98]" classname="com.fsryan.examples.suggestion.CharHelperTest$SwapCase" time="0.0"/>
  <testcase name="shouldSwapCaseUpper[98]" classname="com.fsryan.examples.suggestion.CharHelperTest$SwapCase" time="0.0"/>
  <testcase name="shouldCorrectlyIdentifyLetter[99]" classname="com.fsryan.examples.suggestion.CharHelperTest$SwapCase" time="0.0"/>
  <testcase name="shouldSwapCaseUpper[99]" classname="com.fsryan.examples.suggestion.CharHelperTest$SwapCase" time="0.0"/>
  <testcase name="shouldCorrectlyIdentifyLetter[100]" classname="com.fsryan.examples.suggestion.CharHelperTest$SwapCase" time="0.0"/>
  <testcase name="shouldSwapCaseUpper[100]" classname="com.fsryan.examples.suggestion.CharHelperTest$SwapCase" time="0.0"/>
  <testcase name="shouldCorrectlyIdentifyLetter[101]" classname="com.fsryan.examples.suggestion.CharHelperTest$SwapCase" time="0.0"/>
  <testcase name="shouldSwapCaseUpper[101]" classname="com.fsryan.examples.suggestion.CharHelperTest$SwapCase" time="0.0"/>
  <testcase name="shouldCorrectlyIdentifyLetter[102]" classname="com.fsryan.examples.suggestion.CharHelperTest$SwapCase" time="0.0"/>
  <testcase name="shouldSwapCaseUpper[102]" classname="com.fsryan.examples.suggestion.CharHelperTest$SwapCase" time="0.0"/>
  <testcase name="shouldCorrectlyIdentifyLetter[103]" classname="com.fsryan.examples.suggestion.CharHelperTest$SwapCase" time="0.001"/>
  <testcase name="shouldSwapCaseUpper[103]" classname="com.fsryan.examples.suggestion.CharHelperTest$SwapCase" time="0.0"/>
  <testcase name="shouldCorrectlyIdentifyLetter[104]" classname="com.fsryan.examples.suggestion.CharHelperTest$SwapCase" time="0.0"/>
  <testcase name="shouldSwapCaseUpper[104]" classname="com.fsryan.examples.suggestion.CharHelperTest$SwapCase" time="0.0"/>
  <testcase name="shouldCorrectlyIdentifyLetter[105]" classname="com.fsryan.examples.suggestion.CharHelperTest$SwapCase" time="0.0"/>
  <testcase name="shouldSwapCaseUpper[105]" classname="com.fsryan.examples.suggestion.CharHelperTest$SwapCase" time="0.0"/>
  <testcase name="shouldCorrectlyIdentifyLetter[106]" classname="com.fsryan.examples.suggestion.CharHelperTest$SwapCase" time="0.0"/>
  <testcase name="shouldSwapCaseUpper[106]" classname="com.fsryan.examples.suggestion.CharHelperTest$SwapCase" time="0.0"/>
  <testcase name="shouldCorrectlyIdentifyLetter[107]" classname="com.fsryan.examples.suggestion.CharHelperTest$SwapCase" time="0.0"/>
  <testcase name="shouldSwapCaseUpper[107]" classname="com.fsryan.examples.suggestion.CharHelperTest$SwapCase" time="0.0"/>
  <testcase name="shouldCorrectlyIdentifyLetter[108]" classname="com.fsryan.examples.suggestion.CharHelperTest$SwapCase" time="0.001"/>
  <testcase name="shouldSwapCaseUpper[108]" classname="com.fsryan.examples.suggestion.CharHelperTest$SwapCase" time="0.0"/>
  <testcase name="shouldCorrectlyIdentifyLetter[109]" classname="com.fsryan.examples.suggestion.CharHelperTest$SwapCase" time="0.0"/>
  <testcase name="shouldSwapCaseUpper[109]" classname="com.fsryan.examples.suggestion.CharHelperTest$SwapCase" time="0.0"/>
  <testcase name="shouldCorrectlyIdentifyLetter[110]" classname="com.fsryan.examples.suggestion.CharHelperTest$SwapCase" time="0.0"/>
  <testcase name="shouldSwapCaseUpper[110]" classname="com.fsryan.examples.suggestion.CharHelperTest$SwapCase" time="0.0"/>
  <testcase name="shouldCorrectlyIdentifyLetter[111]" classname="com.fsryan.examples.suggestion.CharHelperTest$SwapCase" time="0.0"/>
  <testcase name="shouldSwapCaseUpper[111]" classname="com.fsryan.examples.suggestion.CharHelperTest$SwapCase" time="0.0"/>
  <testcase name="shouldCorrectlyIdentifyLetter[112]" classname="com.fsryan.examples.suggestion.CharHelperTest$SwapCase" time="0.0"/>
  <testcase name="shouldSwapCaseUpper[112]" classname="com.fsryan.examples.suggestion.CharHelperTest$SwapCase" time="0.0"/>
  <testcase name="shouldCorrectlyIdentifyLetter[113]" classname="com.fsryan.examples.suggestion.CharHelperTest$SwapCase" time="0.0"/>
  <testcase name="shouldSwapCaseUpper[113]" classname="com.fsryan.examples.suggestion.CharHelperTest$SwapCase" time="0.0"/>
  <testcase name="shouldCorrectlyIdentifyLetter[114]" classname="com.fsryan.examples.suggestion.CharHelperTest$SwapCase" time="0.0"/>
  <testcase name="shouldSwapCaseUpper[114]" classname="com.fsryan.examples.suggestion.CharHelperTest$SwapCase" time="0.0"/>
  <testcase name="shouldCorrectlyIdentifyLetter[115]" classname="com.fsryan.examples.suggestion.CharHelperTest$SwapCase" time="0.0"/>
  <testcase name="shouldSwapCaseUpper[115]" classname="com.fsryan.examples.suggestion.CharHelperTest$SwapCase" time="0.0"/>
  <testcase name="shouldCorrectlyIdentifyLetter[116]" classname="com.fsryan.examples.suggestion.CharHelperTest$SwapCase" time="0.0"/>
  <testcase name="shouldSwapCaseUpper[116]" classname="com.fsryan.examples.suggestion.CharHelperTest$SwapCase" time="0.0"/>
  <testcase name="shouldCorrectlyIdentifyLetter[117]" classname="com.fsryan.examples.suggestion.CharHelperTest$SwapCase" time="0.0"/>
  <testcase name="shouldSwapCaseUpper[117]" classname="com.fsryan.examples.suggestion.CharHelperTest$SwapCase" time="0.0"/>
  <testcase name="shouldCorrectlyIdentifyLetter[118]" classname="com.fsryan.examples.suggestion.CharHelperTest$SwapCase" time="0.0"/>
  <testcase name="shouldSwapCaseUpper[118]" classname="com.fsryan.examples.suggestion.CharHelperTest$SwapCase" time="0.0"/>
  <testcase name="shouldCorrectlyIdentifyLetter[119]" classname="com.fsryan.examples.suggestion.CharHelperTest$SwapCase" time="0.0"/>
  <testcase name="shouldSwapCaseUpper[119]" classname="com.fsryan.examples.suggestion.CharHelperTest$SwapCase" time="0.0"/>
  <testcase name="shouldCorrectlyIdentifyLetter[120]" classname="com.fsryan.examples.suggestion.CharHelperTest$SwapCase" time="0.0"/>
  <testcase name="shouldSwapCaseUpper[120]" classname="com.fsryan.examples.suggestion.CharHelperTest$SwapCase" time="0.0"/>
  <testcase name="shouldCorrectlyIdentifyLetter[121]" classname="com.fsryan.examples.suggestion.CharHelperTest$SwapCase" time="0.001"/>
  <testcase name="shouldSwapCaseUpper[121]" classname="com.fsryan.examples.suggestion.CharHelperTest$SwapCase" time="0.0"/>
  <testcase name="shouldCorrectlyIdentifyLetter[122]" classname="com.fsryan.examples.suggestion.CharHelperTest$SwapCase" time="0.0"/>
  <testcase name="shouldSwapCaseUpper[122]" classname="com.fsryan.examples.suggestion.CharHelperTest$SwapCase" time="0.0"/>
  <testcase name="shouldCorrectlyIdentifyLetter[123]" classname="com.fsryan.examples.suggestion.CharHelperTest$SwapCase" time="0.0"/>
  <testcase name="shouldSwapCaseUpper[123]" classname="com.fsryan.examples.suggestion.CharHelperTest$SwapCase" time="0.0"/>
  <testcase name="shouldCorrectlyIdentifyLetter[124]" classname="com.fsryan.examples.suggestion.CharHelperTest$SwapCase" time="0.0"/>
  <testcase name="shouldSwapCaseUpper[124]" classname="com.fsryan.examples.suggestion.CharHelperTest$SwapCase" time="0.0"/>
  <testcase name="shouldCorrectlyIdentifyLetter[125]" classname="com.fsryan.examples.suggestion.CharHelperTest$SwapCase" time="0.0"/>
  <testcase name="shouldSwapCaseUpper[125]" classname="com.fsryan.examples.suggestion.CharHelperTest$SwapCase" time="0.0"/>
  <testcase name="shouldCorrectlyIdentifyLetter[126]" classname="com.fsryan.examples.suggestion.CharHelperTest$SwapCase" time="0.0"/>
  <testcase name="shouldSwapCaseUpper[126]" classname="com.fsryan.examples.suggestion.CharHelperTest$SwapCase" time="0.0"/>
  <testcase name="shouldCorrectlyIdentifyLetter[127]" classname="com.fsryan.examples.suggestion.CharHelperTest$SwapCase" time="0.001"/>
  <testcase name="shouldSwapCaseUpper[127]" classname="com.fsryan.examples.suggestion.CharHelperTest$SwapCase" time="0.0"/>
  <system-out><![CDATA[]]></system-out>
  <system-err><![CDATA[]]></system-err>
</testsuite>
