<?xml version="1.0" encoding="UTF-8"?>
<testsuite name="com.fsryan.examples.suggestion.SuggesterTest$SuggestionFromIndex" tests="10" skipped="0" failures="0" errors="0" timestamp="2016-06-11T05:29:54" hostname="rydora" time="0.08">
  <properties/>
  <testcase name="shouldHaveCorrectSuggestions[0]" classname="com.fsryan.examples.suggestion.SuggesterTest$SuggestionFromIndex" time="0.001"/>
  <testcase name="shouldHaveCorrectSuggestions[1]" classname="com.fsryan.examples.suggestion.SuggesterTest$SuggestionFromIndex" time="0.0"/>
  <testcase name="shouldHaveCorrectSuggestions[2]" classname="com.fsryan.examples.suggestion.SuggesterTest$SuggestionFromIndex" time="0.0"/>
  <testcase name="shouldHaveCorrectSuggestions[3]" classname="com.fsryan.examples.suggestion.SuggesterTest$SuggestionFromIndex" time="0.0"/>
  <testcase name="shouldHaveCorrectSuggestions[4]" classname="com.fsryan.examples.suggestion.SuggesterTest$SuggestionFromIndex" time="0.0"/>
  <testcase name="shouldHaveCorrectSuggestions[5]" classname="com.fsryan.examples.suggestion.SuggesterTest$SuggestionFromIndex" time="0.0"/>
  <testcase name="shouldHaveCorrectSuggestions[6]" classname="com.fsryan.examples.suggestion.SuggesterTest$SuggestionFromIndex" time="0.0"/>
  <testcase name="shouldHaveCorrectSuggestions[7]" classname="com.fsryan.examples.suggestion.SuggesterTest$SuggestionFromIndex" time="0.035"/>
  <testcase name="shouldHaveCorrectSuggestions[8]" classname="com.fsryan.examples.suggestion.SuggesterTest$SuggestionFromIndex" time="0.022"/>
  <testcase name="shouldHaveCorrectSuggestions[9]" classname="com.fsryan.examples.suggestion.SuggesterTest$SuggestionFromIndex" time="0.021"/>
  <system-out><![CDATA[]]></system-out>
  <system-err><![CDATA[]]></system-err>
</testsuite>
