<?xml version="1.0" encoding="UTF-8"?>
<testsuite name="com.fsryan.examples.suggestion.SuggesterTest$Init" tests="4" skipped="0" failures="0" errors="0" timestamp="2016-06-11T19:58:59" hostname="rydora" time="0.229">
  <properties/>
  <testcase name="allWordsShouldBeRepresented[0]" classname="com.fsryan.examples.suggestion.SuggesterTest$Init" time="0.002"/>
  <testcase name="suggesterShouldBeOfSameSizeAsInputWhenWordsDifferent[0]" classname="com.fsryan.examples.suggestion.SuggesterTest$Init" time="0.0"/>
  <testcase name="allWordsShouldBeRepresented[1]" classname="com.fsryan.examples.suggestion.SuggesterTest$Init" time="0.197"/>
  <testcase name="suggesterShouldBeOfSameSizeAsInputWhenWordsDifferent[1]" classname="com.fsryan.examples.suggestion.SuggesterTest$Init" time="0.03"/>
  <system-out><![CDATA[]]></system-out>
  <system-err><![CDATA[]]></system-err>
</testsuite>
