<?xml version="1.0" encoding="UTF-8"?>
<testsuite name="com.fsryan.examples.suggestion.SuggesterTest$SuggestionFromIndex" tests="22" skipped="0" failures="0" errors="0" timestamp="2016-06-11T19:58:59" hostname="rydora" time="0.258">
  <properties/>
  <testcase name="shouldReturnNoResultsAfterClear[0]" classname="com.fsryan.examples.suggestion.SuggesterTest$SuggestionFromIndex" time="0.0"/>
  <testcase name="shouldHaveCorrectSuggestions[0]" classname="com.fsryan.examples.suggestion.SuggesterTest$SuggestionFromIndex" time="0.0"/>
  <testcase name="shouldReturnNoResultsAfterClear[1]" classname="com.fsryan.examples.suggestion.SuggesterTest$SuggestionFromIndex" time="0.0"/>
  <testcase name="shouldHaveCorrectSuggestions[1]" classname="com.fsryan.examples.suggestion.SuggesterTest$SuggestionFromIndex" time="0.0"/>
  <testcase name="shouldReturnNoResultsAfterClear[2]" classname="com.fsryan.examples.suggestion.SuggesterTest$SuggestionFromIndex" time="0.001"/>
  <testcase name="shouldHaveCorrectSuggestions[2]" classname="com.fsryan.examples.suggestion.SuggesterTest$SuggestionFromIndex" time="0.0"/>
  <testcase name="shouldReturnNoResultsAfterClear[3]" classname="com.fsryan.examples.suggestion.SuggesterTest$SuggestionFromIndex" time="0.0"/>
  <testcase name="shouldHaveCorrectSuggestions[3]" classname="com.fsryan.examples.suggestion.SuggesterTest$SuggestionFromIndex" time="0.0"/>
  <testcase name="shouldReturnNoResultsAfterClear[4]" classname="com.fsryan.examples.suggestion.SuggesterTest$SuggestionFromIndex" time="0.0"/>
  <testcase name="shouldHaveCorrectSuggestions[4]" classname="com.fsryan.examples.suggestion.SuggesterTest$SuggestionFromIndex" time="0.001"/>
  <testcase name="shouldReturnNoResultsAfterClear[5]" classname="com.fsryan.examples.suggestion.SuggesterTest$SuggestionFromIndex" time="0.0"/>
  <testcase name="shouldHaveCorrectSuggestions[5]" classname="com.fsryan.examples.suggestion.SuggesterTest$SuggestionFromIndex" time="0.001"/>
  <testcase name="shouldReturnNoResultsAfterClear[6]" classname="com.fsryan.examples.suggestion.SuggesterTest$SuggestionFromIndex" time="0.0"/>
  <testcase name="shouldHaveCorrectSuggestions[6]" classname="com.fsryan.examples.suggestion.SuggesterTest$SuggestionFromIndex" time="0.0"/>
  <testcase name="shouldReturnNoResultsAfterClear[7]" classname="com.fsryan.examples.suggestion.SuggesterTest$SuggestionFromIndex" time="0.031"/>
  <testcase name="shouldHaveCorrectSuggestions[7]" classname="com.fsryan.examples.suggestion.SuggesterTest$SuggestionFromIndex" time="0.033"/>
  <testcase name="shouldReturnNoResultsAfterClear[8]" classname="com.fsryan.examples.suggestion.SuggesterTest$SuggestionFromIndex" time="0.033"/>
  <testcase name="shouldHaveCorrectSuggestions[8]" classname="com.fsryan.examples.suggestion.SuggesterTest$SuggestionFromIndex" time="0.044"/>
  <testcase name="shouldReturnNoResultsAfterClear[9]" classname="com.fsryan.examples.suggestion.SuggesterTest$SuggestionFromIndex" time="0.028"/>
  <testcase name="shouldHaveCorrectSuggestions[9]" classname="com.fsryan.examples.suggestion.SuggesterTest$SuggestionFromIndex" time="0.028"/>
  <testcase name="shouldReturnNoResultsAfterClear[10]" classname="com.fsryan.examples.suggestion.SuggesterTest$SuggestionFromIndex" time="0.028"/>
  <testcase name="shouldHaveCorrectSuggestions[10]" classname="com.fsryan.examples.suggestion.SuggesterTest$SuggestionFromIndex" time="0.027"/>
  <system-out><![CDATA[]]></system-out>
  <system-err><![CDATA[]]></system-err>
</testsuite>
